\BOOKMARK [1][-]{section.1}{\376\377\000I\000n\000t\000r\000o\000d\000u\000c\000t\000i\000o\000n}{}% 1
\BOOKMARK [2][-]{subsection.1.1}{\376\377\000P\000u\000r\000p\000o\000s\000e}{section.1}% 2
\BOOKMARK [2][-]{subsection.1.2}{\376\377\000D\000o\000c\000u\000m\000e\000n\000t\000\040\000C\000o\000n\000v\000e\000n\000t\000i\000o\000n\000s}{section.1}% 3
\BOOKMARK [2][-]{subsection.1.3}{\376\377\000I\000n\000t\000e\000n\000d\000e\000d\000\040\000A\000u\000d\000i\000e\000n\000c\000e\000\040\000a\000n\000d\000\040\000R\000e\000a\000d\000i\000n\000g\000\040\000S\000u\000g\000g\000e\000s\000t\000i\000o\000n\000s}{section.1}% 4
\BOOKMARK [2][-]{subsection.1.4}{\376\377\000P\000r\000o\000d\000u\000c\000t\000\040\000S\000c\000o\000p\000e}{section.1}% 5
\BOOKMARK [2][-]{subsection.1.5}{\376\377\000R\000e\000f\000e\000r\000e\000n\000c\000e\000s}{section.1}% 6
\BOOKMARK [1][-]{section.2}{\376\377\000O\000v\000e\000r\000a\000l\000l\000\040\000D\000e\000s\000c\000r\000i\000p\000t\000i\000o\000n}{}% 7
\BOOKMARK [2][-]{subsection.2.1}{\376\377\000P\000r\000o\000d\000u\000c\000t\000\040\000P\000e\000r\000s\000p\000e\000c\000t\000i\000v\000e}{section.2}% 8
\BOOKMARK [2][-]{subsection.2.2}{\376\377\000P\000r\000o\000d\000u\000c\000t\000\040\000F\000u\000n\000c\000t\000i\000o\000n\000s}{section.2}% 9
\BOOKMARK [2][-]{subsection.2.3}{\376\377\000U\000s\000e\000r\000\040\000C\000l\000a\000s\000s\000e\000s\000\040\000a\000n\000d\000\040\000C\000h\000a\000r\000a\000c\000t\000e\000r\000i\000s\000t\000i\000c\000s}{section.2}% 10
\BOOKMARK [2][-]{subsection.2.4}{\376\377\000O\000p\000e\000r\000a\000t\000i\000n\000g\000\040\000E\000n\000v\000i\000r\000o\000n\000m\000e\000n\000t}{section.2}% 11
\BOOKMARK [2][-]{subsection.2.5}{\376\377\000D\000e\000s\000i\000g\000n\000\040\000a\000n\000d\000\040\000I\000m\000p\000l\000e\000m\000e\000n\000t\000a\000t\000i\000o\000n\000\040\000C\000o\000n\000s\000t\000r\000a\000i\000n\000t\000s}{section.2}% 12
\BOOKMARK [2][-]{subsection.2.6}{\376\377\000U\000s\000e\000r\000\040\000D\000o\000c\000u\000m\000e\000n\000t\000a\000t\000i\000o\000n}{section.2}% 13
\BOOKMARK [2][-]{subsection.2.7}{\376\377\000A\000s\000s\000u\000m\000p\000t\000i\000o\000n\000s\000\040\000a\000n\000d\000\040\000D\000e\000p\000e\000n\000d\000e\000n\000c\000i\000e\000s}{section.2}% 14
\BOOKMARK [1][-]{section.3}{\376\377\000S\000y\000s\000t\000e\000m\000\040\000F\000e\000a\000t\000u\000r\000e\000s}{}% 15
\BOOKMARK [2][-]{subsection.3.1}{\376\377\000U\000s\000e\000r\000\040\000R\000e\000g\000i\000s\000t\000r\000a\000t\000i\000o\000n}{section.3}% 16
\BOOKMARK [3][-]{subsubsection.3.1.1}{\376\377\000D\000e\000s\000c\000r\000i\000p\000t\000i\000o\000n\000\040\000a\000n\000d\000\040\000P\000r\000i\000o\000r\000i\000t\000y}{subsection.3.1}% 17
\BOOKMARK [3][-]{subsubsection.3.1.2}{\376\377\000S\000t\000i\000m\000u\000l\000u\000s\000/\000R\000e\000s\000p\000o\000n\000s\000e\000\040\000S\000e\000q\000u\000e\000n\000c\000e\000s}{subsection.3.1}% 18
\BOOKMARK [3][-]{subsubsection.3.1.3}{\376\377\000F\000u\000n\000c\000t\000i\000o\000n\000a\000l\000\040\000R\000e\000q\000u\000i\000r\000e\000m\000e\000n\000t\000s}{subsection.3.1}% 19
\BOOKMARK [2][-]{subsection.3.2}{\376\377\000U\000s\000e\000r\000\040\000L\000o\000g\000i\000n\000\040\000\050\000C\000r\000e\000d\000e\000n\000t\000i\000a\000l\000s\000\051}{section.3}% 20
\BOOKMARK [3][-]{subsubsection.3.2.1}{\376\377\000D\000e\000s\000c\000r\000i\000p\000t\000i\000o\000n\000\040\000a\000n\000d\000\040\000P\000r\000i\000o\000r\000i\000t\000y}{subsection.3.2}% 21
\BOOKMARK [3][-]{subsubsection.3.2.2}{\376\377\000S\000t\000i\000m\000u\000l\000u\000s\000/\000R\000e\000s\000p\000o\000n\000s\000e\000\040\000S\000e\000q\000u\000e\000n\000c\000e\000s}{subsection.3.2}% 22
\BOOKMARK [3][-]{subsubsection.3.2.3}{\376\377\000F\000u\000n\000c\000t\000i\000o\000n\000a\000l\000\040\000R\000e\000q\000u\000i\000r\000e\000m\000e\000n\000t\000s}{subsection.3.2}% 23
\BOOKMARK [2][-]{subsection.3.3}{\376\377\000E\000m\000a\000i\000l\000\040\000O\000T\000P\000\040\000V\000e\000r\000i\000f\000i\000c\000a\000t\000i\000o\000n\000\040\000\050\000R\000e\000g\000i\000s\000t\000r\000a\000t\000i\000o\000n\000\051}{section.3}% 24
\BOOKMARK [3][-]{subsubsection.3.3.1}{\376\377\000D\000e\000s\000c\000r\000i\000p\000t\000i\000o\000n\000\040\000a\000n\000d\000\040\000P\000r\000i\000o\000r\000i\000t\000y}{subsection.3.3}% 25
\BOOKMARK [3][-]{subsubsection.3.3.2}{\376\377\000S\000t\000i\000m\000u\000l\000u\000s\000/\000R\000e\000s\000p\000o\000n\000s\000e\000\040\000S\000e\000q\000u\000e\000n\000c\000e\000s}{subsection.3.3}% 26
\BOOKMARK [3][-]{subsubsection.3.3.3}{\376\377\000F\000u\000n\000c\000t\000i\000o\000n\000a\000l\000\040\000R\000e\000q\000u\000i\000r\000e\000m\000e\000n\000t\000s}{subsection.3.3}% 27
\BOOKMARK [2][-]{subsection.3.4}{\376\377\000G\000i\000t\000H\000u\000b\000\040\000O\000A\000u\000t\000h\000\040\000C\000o\000n\000n\000e\000c\000t\000i\000o\000n}{section.3}% 28
\BOOKMARK [3][-]{subsubsection.3.4.1}{\376\377\000D\000e\000s\000c\000r\000i\000p\000t\000i\000o\000n\000\040\000a\000n\000d\000\040\000P\000r\000i\000o\000r\000i\000t\000y}{subsection.3.4}% 29
\BOOKMARK [3][-]{subsubsection.3.4.2}{\376\377\000S\000t\000i\000m\000u\000l\000u\000s\000/\000R\000e\000s\000p\000o\000n\000s\000e\000\040\000S\000e\000q\000u\000e\000n\000c\000e\000s}{subsection.3.4}% 30
\BOOKMARK [3][-]{subsubsection.3.4.3}{\376\377\000F\000u\000n\000c\000t\000i\000o\000n\000a\000l\000\040\000R\000e\000q\000u\000i\000r\000e\000m\000e\000n\000t\000s}{subsection.3.4}% 31
\BOOKMARK [2][-]{subsection.3.5}{\376\377\000P\000r\000o\000j\000e\000c\000t\000\040\000M\000a\000n\000a\000g\000e\000m\000e\000n\000t}{section.3}% 32
\BOOKMARK [3][-]{subsubsection.3.5.1}{\376\377\000D\000e\000s\000c\000r\000i\000p\000t\000i\000o\000n\000\040\000a\000n\000d\000\040\000P\000r\000i\000o\000r\000i\000t\000y}{subsection.3.5}% 33
\BOOKMARK [3][-]{subsubsection.3.5.2}{\376\377\000S\000t\000i\000m\000u\000l\000u\000s\000/\000R\000e\000s\000p\000o\000n\000s\000e\000\040\000S\000e\000q\000u\000e\000n\000c\000e\000s}{subsection.3.5}% 34
\BOOKMARK [3][-]{subsubsection.3.5.3}{\376\377\000F\000u\000n\000c\000t\000i\000o\000n\000a\000l\000\040\000R\000e\000q\000u\000i\000r\000e\000m\000e\000n\000t\000s}{subsection.3.5}% 35
\BOOKMARK [2][-]{subsection.3.6}{\376\377\000D\000e\000p\000l\000o\000y\000m\000e\000n\000t\000\040\000P\000i\000p\000e\000l\000i\000n\000e}{section.3}% 36
\BOOKMARK [3][-]{subsubsection.3.6.1}{\376\377\000D\000e\000s\000c\000r\000i\000p\000t\000i\000o\000n\000\040\000a\000n\000d\000\040\000P\000r\000i\000o\000r\000i\000t\000y}{subsection.3.6}% 37
\BOOKMARK [3][-]{subsubsection.3.6.2}{\376\377\000S\000t\000i\000m\000u\000l\000u\000s\000/\000R\000e\000s\000p\000o\000n\000s\000e\000\040\000S\000e\000q\000u\000e\000n\000c\000e\000s}{subsection.3.6}% 38
\BOOKMARK [3][-]{subsubsection.3.6.3}{\376\377\000F\000u\000n\000c\000t\000i\000o\000n\000a\000l\000\040\000R\000e\000q\000u\000i\000r\000e\000m\000e\000n\000t\000s}{subsection.3.6}% 39
\BOOKMARK [2][-]{subsection.3.7}{\376\377\000E\000n\000v\000i\000r\000o\000n\000m\000e\000n\000t\000\040\000V\000a\000r\000i\000a\000b\000l\000e\000s}{section.3}% 40
\BOOKMARK [3][-]{subsubsection.3.7.1}{\376\377\000D\000e\000s\000c\000r\000i\000p\000t\000i\000o\000n\000\040\000a\000n\000d\000\040\000P\000r\000i\000o\000r\000i\000t\000y}{subsection.3.7}% 41
\BOOKMARK [3][-]{subsubsection.3.7.2}{\376\377\000S\000t\000i\000m\000u\000l\000u\000s\000/\000R\000e\000s\000p\000o\000n\000s\000e\000\040\000S\000e\000q\000u\000e\000n\000c\000e\000s}{subsection.3.7}% 42
\BOOKMARK [3][-]{subsubsection.3.7.3}{\376\377\000F\000u\000n\000c\000t\000i\000o\000n\000a\000l\000\040\000R\000e\000q\000u\000i\000r\000e\000m\000e\000n\000t\000s}{subsection.3.7}% 43
\BOOKMARK [2][-]{subsection.3.8}{\376\377\000C\000u\000s\000t\000o\000m\000\040\000D\000o\000m\000a\000i\000n\000\040\000M\000a\000n\000a\000g\000e\000m\000e\000n\000t}{section.3}% 44
\BOOKMARK [3][-]{subsubsection.3.8.1}{\376\377\000D\000e\000s\000c\000r\000i\000p\000t\000i\000o\000n\000\040\000a\000n\000d\000\040\000P\000r\000i\000o\000r\000i\000t\000y}{subsection.3.8}% 45
\BOOKMARK [3][-]{subsubsection.3.8.2}{\376\377\000S\000t\000i\000m\000u\000l\000u\000s\000/\000R\000e\000s\000p\000o\000n\000s\000e\000\040\000S\000e\000q\000u\000e\000n\000c\000e\000s}{subsection.3.8}% 46
\BOOKMARK [3][-]{subsubsection.3.8.3}{\376\377\000F\000u\000n\000c\000t\000i\000o\000n\000a\000l\000\040\000R\000e\000q\000u\000i\000r\000e\000m\000e\000n\000t\000s}{subsection.3.8}% 47
\BOOKMARK [2][-]{subsection.3.9}{\376\377\000Z\000I\000P\000\040\000F\000i\000l\000e\000\040\000U\000p\000l\000o\000a\000d}{section.3}% 48
\BOOKMARK [3][-]{subsubsection.3.9.1}{\376\377\000D\000e\000s\000c\000r\000i\000p\000t\000i\000o\000n\000\040\000a\000n\000d\000\040\000P\000r\000i\000o\000r\000i\000t\000y}{subsection.3.9}% 49
\BOOKMARK [3][-]{subsubsection.3.9.2}{\376\377\000S\000t\000i\000m\000u\000l\000u\000s\000/\000R\000e\000s\000p\000o\000n\000s\000e\000\040\000S\000e\000q\000u\000e\000n\000c\000e\000s}{subsection.3.9}% 50
\BOOKMARK [3][-]{subsubsection.3.9.3}{\376\377\000F\000u\000n\000c\000t\000i\000o\000n\000a\000l\000\040\000R\000e\000q\000u\000i\000r\000e\000m\000e\000n\000t\000s}{subsection.3.9}% 51
\BOOKMARK [2][-]{subsection.3.10}{\376\377\000B\000u\000i\000l\000d\000\040\000L\000o\000g\000\040\000V\000i\000e\000w\000e\000r}{section.3}% 52
\BOOKMARK [3][-]{subsubsection.3.10.1}{\376\377\000D\000e\000s\000c\000r\000i\000p\000t\000i\000o\000n\000\040\000a\000n\000d\000\040\000P\000r\000i\000o\000r\000i\000t\000y}{subsection.3.10}% 53
\BOOKMARK [3][-]{subsubsection.3.10.2}{\376\377\000S\000t\000i\000m\000u\000l\000u\000s\000/\000R\000e\000s\000p\000o\000n\000s\000e\000\040\000S\000e\000q\000u\000e\000n\000c\000e\000s}{subsection.3.10}% 54
\BOOKMARK [3][-]{subsubsection.3.10.3}{\376\377\000F\000u\000n\000c\000t\000i\000o\000n\000a\000l\000\040\000R\000e\000q\000u\000i\000r\000e\000m\000e\000n\000t\000s}{subsection.3.10}% 55
\BOOKMARK [2][-]{subsection.3.11}{\376\377\000F\000o\000r\000g\000o\000t\000\040\000P\000a\000s\000s\000w\000o\000r\000d\000\040\000\050\000O\000T\000P\000-\000B\000a\000s\000e\000d\000\040\000P\000a\000s\000s\000w\000o\000r\000d\000\040\000R\000e\000s\000e\000t\000\051}{section.3}% 56
\BOOKMARK [3][-]{subsubsection.3.11.1}{\376\377\000D\000e\000s\000c\000r\000i\000p\000t\000i\000o\000n\000\040\000a\000n\000d\000\040\000P\000r\000i\000o\000r\000i\000t\000y}{subsection.3.11}% 57
\BOOKMARK [3][-]{subsubsection.3.11.2}{\376\377\000S\000t\000i\000m\000u\000l\000u\000s\000/\000R\000e\000s\000p\000o\000n\000s\000e\000\040\000S\000e\000q\000u\000e\000n\000c\000e\000s}{subsection.3.11}% 58
\BOOKMARK [3][-]{subsubsection.3.11.3}{\376\377\000F\000u\000n\000c\000t\000i\000o\000n\000a\000l\000\040\000R\000e\000q\000u\000i\000r\000e\000m\000e\000n\000t\000s}{subsection.3.11}% 59
\BOOKMARK [1][-]{section.4}{\376\377\000S\000o\000f\000t\000w\000a\000r\000e\000\040\000D\000e\000s\000i\000g\000n}{}% 60
\BOOKMARK [2][-]{subsection.4.1}{\376\377\000S\000y\000s\000t\000e\000m\000\040\000A\000r\000c\000h\000i\000t\000e\000c\000t\000u\000r\000e}{section.4}% 61
\BOOKMARK [3][-]{subsubsection.4.1.1}{\376\377\000A\000r\000c\000h\000i\000t\000e\000c\000t\000u\000r\000e\000\040\000O\000v\000e\000r\000v\000i\000e\000w}{subsection.4.1}% 62
\BOOKMARK [3][-]{subsubsection.4.1.2}{\376\377\000M\000o\000n\000o\000r\000e\000p\000o\000\040\000S\000t\000r\000u\000c\000t\000u\000r\000e}{subsection.4.1}% 63
\BOOKMARK [3][-]{subsubsection.4.1.3}{\376\377\000A\000P\000I\000\040\000E\000n\000d\000p\000o\000i\000n\000t\000s}{subsection.4.1}% 64
\BOOKMARK [2][-]{subsection.4.2}{\376\377\000D\000e\000t\000a\000i\000l\000e\000d\000\040\000D\000e\000s\000i\000g\000n}{section.4}% 65
\BOOKMARK [3][-]{subsubsection.4.2.1}{\376\377\000C\000l\000a\000s\000s\000\040\000D\000i\000a\000g\000r\000a\000m\000s}{subsection.4.2}% 66
\BOOKMARK [3][-]{subsubsection.4.2.2}{\376\377\000S\000e\000q\000u\000e\000n\000c\000e\000\040\000D\000i\000a\000g\000r\000a\000m\000s}{subsection.4.2}% 67
\BOOKMARK [2][-]{subsection.4.3}{\376\377\000D\000a\000t\000a\000b\000a\000s\000e\000\040\000S\000c\000h\000e\000m\000a}{section.4}% 68
\BOOKMARK [3][-]{subsubsection.4.3.1}{\376\377\000C\000o\000l\000l\000e\000c\000t\000i\000o\000n\000:\000\040\000u\000s\000e\000r\000s}{subsection.4.3}% 69
\BOOKMARK [3][-]{subsubsection.4.3.2}{\376\377\000C\000o\000l\000l\000e\000c\000t\000i\000o\000n\000:\000\040\000p\000r\000o\000j\000e\000c\000t\000s}{subsection.4.3}% 70
\BOOKMARK [3][-]{subsubsection.4.3.3}{\376\377\000C\000o\000l\000l\000e\000c\000t\000i\000o\000n\000:\000\040\000d\000e\000p\000l\000o\000y\000m\000e\000n\000t\000s}{subsection.4.3}% 71
\BOOKMARK [3][-]{subsubsection.4.3.4}{\376\377\000I\000n\000d\000e\000x\000e\000s}{subsection.4.3}% 72
\BOOKMARK [2][-]{subsection.4.4}{\376\377\000S\000e\000c\000u\000r\000i\000t\000y\000\040\000D\000e\000s\000i\000g\000n}{section.4}% 73
\BOOKMARK [3][-]{subsubsection.4.4.1}{\376\377\000A\000u\000t\000h\000e\000n\000t\000i\000c\000a\000t\000i\000o\000n\000\040\000a\000n\000d\000\040\000A\000u\000t\000h\000o\000r\000i\000z\000a\000t\000i\000o\000n\000\040\000M\000e\000c\000h\000a\000n\000i\000s\000m\000s}{subsection.4.4}% 74
\BOOKMARK [3][-]{subsubsection.4.4.2}{\376\377\000S\000e\000c\000u\000r\000i\000t\000y\000\040\000P\000r\000o\000t\000o\000c\000o\000l\000s}{subsection.4.4}% 75
\BOOKMARK [1][-]{section.5}{\376\377\000O\000t\000h\000e\000r\000\040\000N\000o\000n\000f\000u\000n\000c\000t\000i\000o\000n\000a\000l\000\040\000R\000e\000q\000u\000i\000r\000e\000m\000e\000n\000t\000s}{}% 76
\BOOKMARK [2][-]{subsection.5.1}{\376\377\000P\000e\000r\000f\000o\000r\000m\000a\000n\000c\000e\000\040\000R\000e\000q\000u\000i\000r\000e\000m\000e\000n\000t\000s}{section.5}% 77
\BOOKMARK [2][-]{subsection.5.2}{\376\377\000S\000a\000f\000e\000t\000y\000\040\000R\000e\000q\000u\000i\000r\000e\000m\000e\000n\000t\000s}{section.5}% 78
\BOOKMARK [2][-]{subsection.5.3}{\376\377\000S\000e\000c\000u\000r\000i\000t\000y\000\040\000R\000e\000q\000u\000i\000r\000e\000m\000e\000n\000t\000s}{section.5}% 79
\BOOKMARK [2][-]{subsection.5.4}{\376\377\000S\000o\000f\000t\000w\000a\000r\000e\000\040\000Q\000u\000a\000l\000i\000t\000y\000\040\000A\000t\000t\000r\000i\000b\000u\000t\000e\000s}{section.5}% 80
\BOOKMARK [2][-]{subsection.5.5}{\376\377\000B\000u\000s\000i\000n\000e\000s\000s\000\040\000R\000u\000l\000e\000s}{section.5}% 81
\BOOKMARK [1][-]{section.6}{\376\377\000T\000r\000a\000c\000e\000a\000b\000i\000l\000i\000t\000y}{}% 82
\BOOKMARK [2][-]{subsection.6.1}{\376\377\000R\000e\000q\000u\000i\000r\000e\000m\000e\000n\000t\000-\000t\000o\000-\000D\000e\000s\000i\000g\000n\000\040\000M\000a\000p\000p\000i\000n\000g}{section.6}% 83
\BOOKMARK [1][-]{section.7}{\376\377\000O\000t\000h\000e\000r\000\040\000R\000e\000q\000u\000i\000r\000e\000m\000e\000n\000t\000s}{}% 84
\BOOKMARK [1][-]{appendix.A}{\376\377\000G\000l\000o\000s\000s\000a\000r\000y}{}% 85
\BOOKMARK [1][-]{appendix.B}{\376\377\000A\000n\000a\000l\000y\000s\000i\000s\000\040\000M\000o\000d\000e\000l\000s}{}% 86
